[    0.000000] Initializing cgroup subsys cpuset
[    0.000000] Initializing cgroup subsys cpu
[    0.000000] Initializing cgroup subsys cpuacct
[    0.000000] Linux version 4.4.0-124-generic (buildd@lcy01-amd64-028) (gcc version 5.4.0 20160609 (Ubuntu 5.4.0-6ubuntu1~16.04.9) ) #148-Ubuntu SMP Wed May 2 13:00:18 UTC 2018 (Ubuntu 4.4.0-124.148-generic 4.4.117)
[    0.000000] Command line: BOOT_IMAGE=/boot/vmlinuz-4.4.0-124-generic root=LABEL=cloudimg-rootfs ro console=tty1 console=ttyS0
[    0.000000] KERNEL supported cpus:
[    0.000000]   Intel GenuineIntel
[    0.000000]   AMD AuthenticAMD
[    0.000000]   Centaur CentaurHauls
[    0.000000] x86/fpu: xstate_offset[2]:  576, xstate_sizes[2]:  256
[    0.000000] x86/fpu: Supporting XSAVE feature 0x01: 'x87 floating point registers'
[    0.000000] x86/fpu: Supporting XSAVE feature 0x02: 'SSE registers'
[    0.000000] x86/fpu: Supporting XSAVE feature 0x04: 'AVX registers'
[    0.000000] x86/fpu: Enabled xstate features 0x7, context size is 832 bytes, using 'standard' format.
[    0.000000] x86/fpu: Using 'lazy' FPU context switches.
[    0.000000] e820: BIOS-provided physical RAM map:
[    0.000000] BIOS-e820: [mem 0x0000000000000000-0x000000000009fbff] usable
[    0.000000] BIOS-e820: [mem 0x000000000009fc00-0x000000000009ffff] reserved
[    0.000000] BIOS-e820: [mem 0x00000000000f0000-0x00000000000fffff] reserved
[    0.000000] BIOS-e820: [mem 0x0000000000100000-0x000000003ffeffff] usable
[    0.000000] BIOS-e820: [mem 0x000000003fff0000-0x000000003fffffff] ACPI data
[    0.000000] BIOS-e820: [mem 0x00000000fec00000-0x00000000fec00fff] reserved
[    0.000000] BIOS-e820: [mem 0x00000000fee00000-0x00000000fee00fff] reserved
[    0.000000] BIOS-e820: [mem 0x00000000fffc0000-0x00000000ffffffff] reserved
[    0.000000] NX (Execute Disable) protection: active
[    0.000000] SMBIOS 2.5 present.
[    0.000000] Hypervisor detected: KVM
[    0.000000] e820: last_pfn = 0x3fff0 max_arch_pfn = 0x400000000
[    0.000000] MTRR: Disabled
[    0.000000] x86/PAT: MTRRs disabled, skipping PAT initialization too.
[    0.000000] CPU MTRRs all blank - virtualized system.
[    0.000000] x86/PAT: Configuration [0-7]: WB  WT  UC- UC  WB  WT  UC- UC  
[    0.000000] found SMP MP-table at [mem 0x0009fff0-0x0009ffff] mapped at [ffff88000009fff0]
[    0.000000] Scanning 1 areas for low memory corruption
[    0.000000] RAMDISK: [mem 0x36ad2000-0x37560fff]
[    0.000000] ACPI: Early table checksum verification disabled
[    0.000000] ACPI: RSDP 0x00000000000E0000 000024 (v02 VBOX  )
[    0.000000] ACPI: XSDT 0x000000003FFF0030 00003C (v01 VBOX   VBOXXSDT 00000001 ASL  00000061)
[    0.000000] ACPI: FACP 0x000000003FFF00F0 0000F4 (v04 VBOX   VBOXFACP 00000001 ASL  00000061)
[    0.000000] ACPI: DSDT 0x000000003FFF0470 0021FF (v02 VBOX   VBOXBIOS 00000002 INTL 20100528)
[    0.000000] ACPI: FACS 0x000000003FFF0200 000040
[    0.000000] ACPI: FACS 0x000000003FFF0200 000040
[    0.000000] ACPI: APIC 0x000000003FFF0240 00005C (v02 VBOX   VBOXAPIC 00000001 ASL  00000061)
[    0.000000] ACPI: SSDT 0x000000003FFF02A0 0001CC (v01 VBOX   VBOXCPUT 00000002 INTL 20100528)
[    0.000000] No NUMA configuration found
[    0.000000] Faking a node at [mem 0x0000000000000000-0x000000003ffeffff]
[    0.000000] NODE_DATA(0) allocated [mem 0x3ffeb000-0x3ffeffff]
[    0.000000] kvm-clock: Using msrs 4b564d01 and 4b564d00
[    0.000000] kvm-clock: cpu 0, msr 0:3ffe3001, primary cpu clock
[    0.000000] kvm-clock: using sched offset of 17433004423 cycles
[    0.000000] clocksource: kvm-clock: mask: 0xffffffffffffffff max_cycles: 0x1cd42e4dffb, max_idle_ns: 881590591483 ns
[    0.000000] Zone ranges:
[    0.000000]   DMA      [mem 0x0000000000001000-0x0000000000ffffff]
[    0.000000]   DMA32    [mem 0x0000000001000000-0x000000003ffeffff]
[    0.000000]   Normal   empty
[    0.000000]   Device   empty
[    0.000000] Movable zone start for each node
[    0.000000] Early memory node ranges
[    0.000000]   node   0: [mem 0x0000000000001000-0x000000000009efff]
[    0.000000]   node   0: [mem 0x0000000000100000-0x000000003ffeffff]
[    0.000000] Initmem setup node 0 [mem 0x0000000000001000-0x000000003ffeffff]
[    0.000000] ACPI: PM-Timer IO Port: 0x4008
[    0.000000] IOAPIC[0]: apic_id 2, version 32, address 0xfec00000, GSI 0-23
[    0.000000] ACPI: INT_SRC_OVR (bus 0 bus_irq 0 global_irq 2 dfl dfl)
[    0.000000] ACPI: INT_SRC_OVR (bus 0 bus_irq 9 global_irq 9 high level)
[    0.000000] Using ACPI (MADT) for SMP configuration information
[    0.000000] smpboot: Allowing 2 CPUs, 0 hotplug CPUs
[    0.000000] PM: Registered nosave memory: [mem 0x00000000-0x00000fff]
[    0.000000] PM: Registered nosave memory: [mem 0x0009f000-0x0009ffff]
[    0.000000] PM: Registered nosave memory: [mem 0x000a0000-0x000effff]
[    0.000000] PM: Registered nosave memory: [mem 0x000f0000-0x000fffff]
[    0.000000] e820: [mem 0x40000000-0xfebfffff] available for PCI devices
[    0.000000] Booting paravirtualized kernel on KVM
[    0.000000] clocksource: refined-jiffies: mask: 0xffffffff max_cycles: 0xffffffff, max_idle_ns: 7645519600211568 ns
[    0.000000] setup_percpu: NR_CPUS:512 nr_cpumask_bits:512 nr_cpu_ids:2 nr_node_ids:1
[    0.000000] PERCPU: Embedded 34 pages/cpu @ffff88003fc00000 s99544 r8192 d31528 u1048576
[    0.000000] PV qspinlock hash table entries: 256 (order: 0, 4096 bytes)
[    0.000000] Built 1 zonelists in Node order, mobility grouping on.  Total pages: 257912
[    0.000000] Policy zone: DMA32
[    0.000000] Kernel command line: BOOT_IMAGE=/boot/vmlinuz-4.4.0-124-generic root=LABEL=cloudimg-rootfs ro console=tty1 console=ttyS0
[    0.000000] PID hash table entries: 4096 (order: 3, 32768 bytes)
[    0.000000] Memory: 1001712K/1048120K available (8532K kernel code, 1313K rwdata, 3996K rodata, 1508K init, 1316K bss, 46408K reserved, 0K cma-reserved)
[    0.000000] SLUB: HWalign=64, Order=0-3, MinObjects=0, CPUs=2, Nodes=1
[    0.000000] Kernel/User page tables isolation: enabled
[    0.000000] Hierarchical RCU implementation.
[    0.000000] 	Build-time adjustment of leaf fanout to 64.
[    0.000000] 	RCU restricting CPUs from NR_CPUS=512 to nr_cpu_ids=2.
[    0.000000] RCU: Adjusting geometry for rcu_fanout_leaf=64, nr_cpu_ids=2
[    0.000000] NR_IRQS:33024 nr_irqs:440 16
[    0.000000] Console: colour VGA+ 80x25
[    0.000000] console [tty1] enabled
[    0.000000] console [ttyS0] enabled
[    0.000000] tsc: Detected 1795.920 MHz processor
[    5.811614] Calibrating delay loop (skipped) preset value.. 3591.84 BogoMIPS (lpj=7183680)
[    5.895269] pid_max: default: 32768 minimum: 301
[    5.941311] ACPI: Core revision 20150930
[    5.987809] ACPI: 2 ACPI AML tables successfully acquired and loaded
[    6.051555] Security Framework initialized
[    6.090384] Yama: becoming mindful.
[    6.124853] AppArmor: AppArmor initialized
[    6.162405] Dentry cache hash table entries: 131072 (order: 8, 1048576 bytes)
[    6.223457] Inode-cache hash table entries: 65536 (order: 7, 524288 bytes)
[    6.281401] Mount-cache hash table entries: 2048 (order: 2, 16384 bytes)
[    6.338844] Mountpoint-cache hash table entries: 2048 (order: 2, 16384 bytes)
[    6.397471] Initializing cgroup subsys io
[    6.440021] Initializing cgroup subsys memory
[    6.482944] Initializing cgroup subsys devices
[    6.528590] Initializing cgroup subsys freezer
[    6.569914] Initializing cgroup subsys net_cls
[    6.613580] Initializing cgroup subsys perf_event
[    6.657556] Initializing cgroup subsys net_prio
[    6.704177] Initializing cgroup subsys hugetlb
[    6.746272] Initializing cgroup subsys pids
[    6.788205] CPU: Physical Processor ID: 0
[    6.826557] CPU: Processor Core ID: 0
[    6.861248] FEATURE SPEC_CTRL Not Present
[    6.898538] mce: CPU supports 0 MCE banks
[    6.936921] Last level iTLB entries: 4KB 512, 2MB 8, 4MB 8
[    6.983868] Last level dTLB entries: 4KB 512, 2MB 32, 4MB 32, 1GB 0
[    7.042261] Spectre V2 mitigation: Mitigation: Full generic retpoline
[    7.101431] Spectre V2 mitigation: Speculation control IBPB not-supported IBRS not-supported
[    7.237055] Freeing SMP alternatives memory: 32K
[    7.533098] ftrace: allocating 32202 entries in 126 pages
[    8.655832] smpboot: APIC(0) Converting physical 0 to logical package 0
[    8.710687] smpboot: Max logical packages: 1
[    8.762704] x2apic enabled
[    8.804148] Switched APIC routing to physical x2apic.
[    8.900374] ..TIMER: vector=0x30 apic1=0 pin1=2 apic2=-1 pin2=-1
[    9.058830] smpboot: CPU0: Intel(R) Core(TM) i3-3217U CPU @ 1.80GHz (family: 0x6, model: 0x3a, stepping: 0x9)
[    9.158979] Performance Events: unsupported p6 CPU model 58 no PMU driver, software events only.
[    9.246050] KVM setup paravirtual spinlock
[    9.290629] x86: Booting SMP configuration:
[    9.337962] .... node  #0, CPUs:      #1
[    9.384815] kvm-clock: cpu 1, msr 0:3ffe3041, secondary cpu clock
[    9.440762] mce: CPU supports 0 MCE banks
[    9.471214] x86: Booted up 1 node, 2 CPUs
[    9.522437] smpboot: Total of 2 processors activated (7183.68 BogoMIPS)
[    9.589709] devtmpfs: initialized
[    9.629296] evm: security.selinux
[    9.664404] evm: security.SMACK64
[    9.700440] evm: security.SMACK64EXEC
[    9.737495] evm: security.SMACK64TRANSMUTE
[    9.777331] evm: security.SMACK64MMAP
[    9.814290] evm: security.ima
[    9.846863] evm: security.capability
[    9.885513] clocksource: jiffies: mask: 0xffffffff max_cycles: 0xffffffff, max_idle_ns: 7645041785100000 ns
[    9.972538] futex hash table entries: 512 (order: 3, 32768 bytes)
[   10.029085] pinctrl core: initialized pinctrl subsystem
[   10.078486] RTC time: 17:02:01, date: 05/20/18
[   10.124076] NET: Registered protocol family 16
[   10.179295] cpuidle: using governor ladder
[   10.229174] cpuidle: using governor menu
[   10.267156] PCCT header not found.
[   10.302801] ACPI: bus type PCI registered
[   10.342273] acpiphp: ACPI Hot Plug PCI Controller Driver version: 0.5
[   10.400191] PCI: Using configuration type 1 for base access
[   10.477559] ACPI: Added _OSI(Module Device)
[   10.522245] ACPI: Added _OSI(Processor Device)
[   10.599762] ACPI: Added _OSI(3.0 _SCP Extensions)
[   10.676078] ACPI: Added _OSI(Processor Aggregator Device)
[   10.768926] ACPI: Executed 1 blocks of module-level executable AML code
[   10.898156] ACPI: Interpreter enabled
[   10.965293] ACPI: (supports S0 S5)
[   11.021695] ACPI: Using IOAPIC for interrupt routing
[   11.100107] PCI: Using host bridge windows from ACPI; if necessary, use "pci=nocrs" and report a bug
[   11.240090] ACPI: PCI Root Bridge [PCI0] (domain 0000 [bus 00-ff])
[   11.295185] acpi PNP0A03:00: _OSC: OS supports [ASPM ClockPM Segments MSI]
[   11.356871] acpi PNP0A03:00: _OSC: not requesting OS control; OS requires [ExtendedConfig ASPM ClockPM MSI]
[   11.441949] acpi PNP0A03:00: fail to add MMCONFIG information, can't access extended PCI configuration space under this bridge.
[   11.547321] PCI host bridge to bus 0000:00
[   11.588002] pci_bus 0000:00: root bus resource [io  0x0000-0x0cf7 window]
[   11.655863] pci_bus 0000:00: root bus resource [io  0x0d00-0xffff window]
[   11.719803] pci_bus 0000:00: root bus resource [mem 0x000a0000-0x000bffff window]
[   11.795635] pci_bus 0000:00: root bus resource [mem 0x40000000-0xffdfffff window]
[   11.869900] pci_bus 0000:00: root bus resource [bus 00-ff]
[   12.008409] pci 0000:00:01.1: legacy IDE quirk: reg 0x10: [io  0x01f0-0x01f7]
[   12.069468] pci 0000:00:01.1: legacy IDE quirk: reg 0x14: [io  0x03f6]
[   12.125890] pci 0000:00:01.1: legacy IDE quirk: reg 0x18: [io  0x0170-0x0177]
[   12.599997] pci 0000:00:01.1: legacy IDE quirk: reg 0x1c: [io  0x0376]
[   12.963357] pci 0000:00:07.0: quirk: [io  0x4000-0x403f] claimed by PIIX4 ACPI
[   13.034067] pci 0000:00:07.0: quirk: [io  0x4100-0x410f] claimed by PIIX4 SMB
[   13.196512] ACPI: PCI Interrupt Link [LNKA] (IRQs 5 9 10 *11)
[   13.278272] ACPI: PCI Interrupt Link [LNKB] (IRQs 5 9 10 *11)
[   13.358915] ACPI: PCI Interrupt Link [LNKC] (IRQs 5 9 *10 11)
[   13.438945] ACPI: PCI Interrupt Link [LNKD] (IRQs 5 *9 10 11)
[   13.521692] ACPI: Enabled 2 GPEs in block 00 to 07
[   13.582443] vgaarb: setting as boot device: PCI:0000:00:02.0
[   13.632982] vgaarb: device added: PCI:0000:00:02.0,decodes=io+mem,owns=io+mem,locks=none
[   13.710363] vgaarb: loaded
[   13.741603] vgaarb: bridge control possible 0000:00:02.0
[   13.792760] SCSI subsystem initialized
[   13.833450] ACPI: bus type USB registered
[   13.874874] usbcore: registered new interface driver usbfs
[   13.928576] usbcore: registered new interface driver hub
[   13.989739] usbcore: registered new device driver usb
[   14.051213] PCI: Using ACPI for IRQ routing
[   14.103364] NetLabel: Initializing
[   14.137858] NetLabel:  domain hash size = 128
[   14.181798] NetLabel:  protocols = UNLABELED CIPSOv4
[   14.239363] NetLabel:  unlabeled traffic allowed by default
[   14.301997] amd_nb: Cannot enumerate AMD northbridges
[   14.356064] clocksource: Switched to clocksource kvm-clock
[   14.430939] AppArmor: AppArmor Filesystem Enabled
[   14.482073] pnp: PnP ACPI init
[   14.542063] pnp: PnP ACPI: found 3 devices
[   14.596729] clocksource: acpi_pm: mask: 0xffffff max_cycles: 0xffffff, max_idle_ns: 2085701024 ns
[   14.673482] NET: Registered protocol family 2
[   14.713555] TCP established hash table entries: 8192 (order: 4, 65536 bytes)
[   14.780838] TCP bind hash table entries: 8192 (order: 5, 131072 bytes)
[   14.845887] TCP: Hash tables configured (established 8192 bind 8192)
[   14.904857] UDP hash table entries: 512 (order: 2, 16384 bytes)
[   14.956044] UDP-Lite hash table entries: 512 (order: 2, 16384 bytes)
[   15.013048] NET: Registered protocol family 1
[   15.065105] pci 0000:00:00.0: Limiting direct PCI/PCI transfers
[   15.133894] pci 0000:00:01.0: Activating ISA DMA hang workarounds
[   15.198329] Unpacking initramfs...
[   21.101426] Freeing initrd memory: 10812K
[   21.141802] RAPL PMU detected, API unit is 2^-32 Joules, 3 fixed counters 10737418240 ms ovfl timer
[   21.221764] hw unit of domain pp0-core 2^-0 Joules
[   21.265680] hw unit of domain package 2^-0 Joules
[   21.309299] hw unit of domain pp1-gpu 2^-0 Joules
[   21.355810] platform rtc_cmos: registered platform RTC device (no PNP device found)
[   21.425670] Scanning for low memory corruption every 60 seconds
[   21.482644] audit: initializing netlink subsys (disabled)
[   21.530934] audit: type=2000 audit(1526835740.642:1): initialized
[   21.581767] Initialise system trusted keyring
[   21.625817] HugeTLB registered 2 MB page size, pre-allocated 0 pages
[   21.684988] zbud: loaded
[   21.716097] VFS: Disk quotas dquot_6.6.0
[   21.753512] VFS: Dquot-cache hash table entries: 512 (order 0, 4096 bytes)
[   21.812953] squashfs: version 4.0 (2009/01/31) Phillip Lougher
[   21.866780] fuse init (API version 7.23)
[   21.905776] Key type big_key registered
[   21.943788] Allocating IMA MOK and blacklist keyrings.
[   22.012206] Key type asymmetric registered
[   22.060905] Asymmetric key parser 'x509' registered
[   22.115263] Block layer SCSI generic (bsg) driver version 0.4 loaded (major 249)
[   22.196856] io scheduler noop registered
[   22.234323] io scheduler deadline registered (default)
[   22.281348] io scheduler cfq registered
[   22.320656] pci_hotplug: PCI Hot Plug PCI Core version: 0.5
[   22.370468] pciehp: PCI Express Hot Plug Controller Driver version: 0.4
[   22.430079] ACPI: AC Adapter [AC] (on-line)
[   22.473932] input: Power Button as /devices/LNXSYSTM:00/LNXPWRBN:00/input/input0
[   22.551430] ACPI: Power Button [PWRF]
[   22.592707] input: Sleep Button as /devices/LNXSYSTM:00/LNXSLPBN:00/input/input1
[   22.666365] ACPI: Sleep Button [SLPF]
[   22.710113] GHES: HEST is not enabled!
[   22.728792] ACPI: Battery Slot [BAT0] (battery present)
[   22.811171] Serial: 8250/16550 driver, 32 ports, IRQ sharing enabled
[   23.024325] 00:02: ttyS0 at I/O 0x3f8 (irq = 4, base_baud = 115200) is a 16550A
[   23.103775] Linux agpgart interface v0.103
[   23.161089] loop: module loaded
[   23.207974] scsi host0: ata_piix
[   23.251683] scsi host1: ata_piix
[   23.286921] ata1: PATA max UDMA/33 cmd 0x1f0 ctl 0x3f6 bmdma 0xd000 irq 14
[   23.355000] ata2: PATA max UDMA/33 cmd 0x170 ctl 0x376 bmdma 0xd008 irq 15
[   23.414460] libphy: Fixed MDIO Bus: probed
[   23.463347] tun: Universal TUN/TAP device driver, 1.6
[   23.507463] tun: (C) 1999-2004 Max Krasnyansky <maxk@qualcomm.com>
[   23.559973] PPP generic driver version 2.4.2
[   23.601520] ehci_hcd: USB 2.0 'Enhanced' Host Controller (EHCI) Driver
[   23.660106] ehci-pci: EHCI PCI platform driver
[   23.704758] ehci-platform: EHCI generic platform driver
[   23.750805] ohci_hcd: USB 1.1 'Open' Host Controller (OHCI) Driver
[   23.807710] ohci-pci: OHCI PCI platform driver
[   23.850111] ohci-platform: OHCI generic platform driver
[   23.898746] uhci_hcd: USB Universal Host Controller Interface driver
[   23.951298] i8042: PNP: PS/2 Controller [PNP0303:PS2K,PNP0f03:PS2M] at 0x60,0x64 irq 1,12
[   24.039885] serio: i8042 KBD port at 0x60,0x64 irq 1
[   24.085555] serio: i8042 AUX port at 0x60,0x64 irq 12
[   24.133778] mousedev: PS/2 mouse device common for all mice
[   24.200176] input: AT Translated Set 2 keyboard as /devices/platform/i8042/serio0/input/input2
[   24.200837] rtc_cmos rtc_cmos: rtc core: registered rtc_cmos as rtc0
[   24.203185] rtc_cmos rtc_cmos: alarms up to one day, 114 bytes nvram
[   24.203206] i2c /dev entries driver
[   24.203290] device-mapper: uevent: version 1.0.3
[   24.279600] device-mapper: ioctl: 4.34.0-ioctl (2015-10-28) initialised: dm-devel@redhat.com
[   24.279864] ledtrig-cpu: registered to indicate activity on CPUs
[   24.281460] NET: Registered protocol family 10
[   24.281908] NET: Registered protocol family 17
[   24.281923] Key type dns_resolver registered
[   24.283016] registered taskstats version 1
[   24.283043] Loading compiled-in X.509 certificates
[   24.286011] Loaded X.509 cert 'Build time autogenerated kernel key: 97a7db5071cab428e7f67f96f51ed8d32b3fc527'
[   24.286049] zswap: loaded using pool lzo/zbud
[   24.297495] Key type trusted registered
[   24.318420] Key type encrypted registered
[   24.318433] AppArmor: AppArmor sha1 policy hashing enabled
[   24.318439] ima: No TPM chip found, activating TPM-bypass!
[   24.318478] evm: HMAC attrs: 0x1
[   24.328124]   Magic number: 2:262:37
[   24.328900] bdi 7:2: hash matches
[   24.355193] rtc_cmos rtc_cmos: setting system clock to 2018-05-20 17:02:15 UTC (1526835735)
[   24.355413] BIOS EDD facility v0.16 2004-Jun-25, 0 devices found
[   24.355414] EDD information not available.
[   25.464355] Freeing unused kernel memory: 1508K
[   25.509119] Write protecting the kernel read-only data: 14336k
[   25.577981] Freeing unused kernel memory: 1696K
[   25.625357] Freeing unused kernel memory: 100K
Loading, please wait...
starting version[   25.757769] random: udevadm: uninitialized urandom read (16 bytes read, 5 bits of entropy available)
 229
[   25.813458] random: systemd-udevd: uninitialized urandom read (16 bytes read, 5 bits of entropy available)
[   25.813930] random: systemd-udevd: uninitialized urandom read (16 bytes read, 5 bits of entropy available)
[   25.813959] random: systemd-udevd: uninitialized urandom read (16 bytes read, 5 bits of entropy available)
[   25.813989] random: systemd-udevd: uninitialized urandom read (16 bytes read, 5 bits of entropy available)
[   26.186832] random: udevadm: uninitialized urandom read (16 bytes read, 5 bits of entropy available)
[   26.308671] random: systemd-udevd: uninitialized urandom read (16 bytes read, 5 bits of entropy available)
[   26.324824] random: udevadm: uninitialized urandom read (16 bytes read, 5 bits of entropy available)
[   26.324979] random: udevadm: uninitialized urandom read (16 bytes read, 5 bits of entropy available)
[   26.326192] random: udevadm: uninitialized urandom read (16 bytes read, 5 bits of entropy available)
[   26.854516] e1000: Intel(R) PRO/1000 Network Driver - version 7.3.21-k8-NAPI
[   26.929642] e1000: Copyright (c) 1999-2006 Intel Corporation.
[   27.171911] Fusion MPT base driver 3.04.20
[   27.220841] Copyright (c) 1999-2008 LSI Corporation
[   27.322668] Fusion MPT SPI Host driver 3.04.20
[   27.860735] input: ImExPS/2 Generic Explorer Mouse as /devices/platform/i8042/serio1/input/input4
[   30.728157] e1000 0000:00:03.0 eth0: (PCI:33MHz:32-bit) 02:a3:be:24:b1:4f
[   30.783963] e1000 0000:00:03.0 eth0: Intel(R) PRO/1000 Network Connection
[   30.851114] mptbase: ioc0: Initiating bringup
[   30.857128] e1000 0000:00:03.0 enp0s3: renamed from eth0
[   31.023530] ioc0: LSI53C1030 A0: Capabilities={Initiator}
[   31.327312] scsi host2: ioc0: LSI53C1030 A0, FwRev=00000000h, Ports=1, MaxQ=256, IRQ=20
[   31.547063] scsi 2:0:0:0: Direct-Access     VBOX     HARDDISK         1.0  PQ: 0 ANSI: 5
[   31.642619] scsi target2:0:0: Beginning Domain Validation
[   31.713196] scsi target2:0:0: Domain Validation skipping write tests
[   31.766367] scsi target2:0:0: Ending Domain Validation
[   31.811912] scsi target2:0:0: asynchronous
[   31.859768] scsi 2:0:1:0: Direct-Access     VBOX     HARDDISK         1.0  PQ: 0 ANSI: 5
[   31.931703] scsi target2:0:1: Beginning Domain Validation
[   32.003252] scsi target2:0:1: Domain Validation skipping write tests
[   32.552581] scsi target2:0:1: Ending Domain Validation
[   32.622794] scsi target2:0:1: asynchronous
[   32.743413] sd 2:0:0:0: Attached scsi generic sg0 type 0
[   32.744170] sd 2:0:0:0: [sda] 20971520 512-byte logical blocks: (10.7 GB/10.0 GiB)
[   32.746242] sd 2:0:0:0: [sda] Write Protect is off
[   32.747324] sd 2:0:0:0: [sda] Incomplete mode parameter data
[   32.747326] sd 2:0:0:0: [sda] Assuming drive cache: write through
[   32.821901]  sda: sda1
[   32.829417] sd 2:0:0:0: [sda] Attached SCSI disk
[   33.100735] sd 2:0:1:0: [sdb] 20480 512-byte logical blocks: (10.5 MB/10.0 MiB)
[   33.172205] sd 2:0:1:0: Attached scsi generic sg1 type 0
[   33.173239] sd 2:0:1:0: [sdb] Write Protect is off
[   33.174468] sd 2:0:1:0: [sdb] Incomplete mode parameter data
[   33.174470] sd 2:0:1:0: [sdb] Assuming drive cache: write through
[   33.229851] sd 2:0:1:0: [sdb] Attached SCSI disk
Begin: Loading essential drivers ... [   47.183539] md: linear personality registered for level -1
[   47.245562] md: multipath personality registered for level -4
[   47.311504] md: raid0 personality registered for level 0
[   47.374460] md: raid1 personality registered for level 1
[   47.512678] raid6: sse2x1   gen()  3078 MB/s
[   47.620687] raid6: sse2x1   xor()  1798 MB/s
[   47.740433] raid6: sse2x2   gen()  2002 MB/s
[   47.866414] raid6: sse2x2   xor()  1043 MB/s
[   48.009213] raid6: sse2x4   gen()  1344 MB/s
[   48.141069] raid6: sse2x4   xor()  1156 MB/s
[   48.191897] raid6: using algorithm sse2x1 gen() 3078 MB/s
[   48.246375] raid6: .... xor() 1798 MB/s, rmw enabled
[   48.297441] raid6: using ssse3x2 recovery algorithm
[   48.351649] xor: automatically using best checksumming function:
[   48.440982]    avx       :  7951.000 MB/sec
[   48.489606] async_tx: api initialized (async)
[   48.585782] md: raid6 personality registered for level 6
[   48.635619] md: raid5 personality registered for level 5
[   48.685583] md: raid4 personality registered for level 4
[   48.769492] md: raid10 personality registered for level 10
done.
Begin: Running /scripts/init-premount ... done.
Begin: Mounting root file system ... Begin: Running /scripts/local-top ... done.
Begin: Running /scripts/local-premount ... [   49.123774] Btrfs loaded
Scanning for Btrfs filesystems
done.
Warning: fsck not present, so skipping root file system
[   49.588470] EXT4-fs (sda1): mounted filesystem with ordered data mode. Opts: (null)
done.
Begin: Running /scripts/local-bottom ... done.
Begin: Running /scripts/init-bottom ... done.
[   50.139484] random: nonblocking pool is initialized
[   51.698600] systemd[1]: systemd 229 running in system mode. (+PAM +AUDIT +SELINUX +IMA +APPARMOR +SMACK +SYSVINIT +UTMP +LIBCRYPTSETUP +GCRYPT +GNUTLS +ACL +XZ -LZ4 +SECCOMP +BLKID +ELFUTILS +KMOD -IDN)
[   51.854577] systemd[1]: Detected virtualization oracle.
[   51.903986] systemd[1]: Detected architecture x86-64.

Welcome to [1mUbuntu 16.04.4 LTS[0m!

[   52.096031] systemd[1]: Set hostname to <ubuntu>.
[   52.198640] systemd[1]: Initializing machine ID from random generator.
[   52.252636] systemd[1]: Installed transient /etc/machine-id file.
[   54.831657] systemd[1]: Reached target User and Group Name Lookups.
[[0;32m  OK  [0m] Reached target User and Group Name Lookups.
[   54.941188] systemd[1]: Listening on Journal Audit Socket.
[[0;32m  OK  [0m] Listening on Journal Audit Socket.
[   55.047898] systemd[1]: Started Trigger resolvconf update for networkd DNS.
[[0;32m  OK  [0m] Started Trigger resolvconf update for networkd DNS.
[   55.173525] systemd[1]: Listening on Syslog Socket.
[[0;32m  OK  [0m] Listening on Syslog Socket.
[   55.266208] systemd[1]: Listening on udev Control Socket.
[[0;32m  OK  [0m] Listening on udev Control Socket.
[   55.367241] systemd[1]: Started Forward Password Requests to Wall Directory Watch.
[[0;32m  OK  [0m] Started Forward Password Requests to Wall Directory Watch.
[   55.490841] systemd[1]: Listening on udev Kernel Socket.
[[0;32m  OK  [0m] Listening on udev Kernel Socket.
[   55.582378] systemd[1]: Set up automount Arbitrary Executable File Formats File System Automount Point.
[[0;32m  OK  [0m] Set up automount Arbitrary Executab...ats File System Automount Point.
[   55.738450] systemd[1]: Created slice User and Session Slice.
[[0;32m  OK  [0m] Created slice User and Session Slice.
[   55.854347] systemd[1]: Listening on Journal Socket.
[[0;32m  OK  [0m] Listening on Journal Socket.
[   55.937707] systemd[1]: Listening on LVM2 poll daemon socket.
[[0;32m  OK  [0m] Listening on LVM2 poll daemon socket.
[   56.030402] systemd[1]: Listening on Journal Socket (/dev/log).
[[0;32m  OK  [0m] Listening on Journal Socket (/dev/log).
[   56.125643] systemd[1]: Created slice System Slice.
[[0;32m  OK  [0m] Created slice System Slice.
[   56.355542] systemd[1]: Starting Load Kernel Modules...
         Starting Load Kernel Modules...
[   56.455617] systemd[1]: Mounting Debug File System...
         Mounting Debug File System...
[   56.541639] systemd[1]: Starting Create list of required static device nodes for the current kernel...
         Starting Create list of required st... nodes for the current kernel...
[   56.762194] systemd[1]: Created slice system-serial\x2dgetty.slice.
[[0;32m  OK  [0m] Created slice system-serial\x2dgetty.slice.
[   56.901864] systemd[1]: Reached target Slices.
[   56.949392] Loading iSCSI transport class v2.0-870.
[[0;32m  OK  [0m] Reached target Slices.
[   57.029818] systemd[1]: Starting Uncomplicated firewall...
         Starting Uncomplicated firewall...
[   57.122426] systemd[1]: Starting Remount Root and Kernel File Systems...
[   57.195027] iscsi: registered transport (tcp)
         Starting Remount Root and Kernel File Systems...
[   57.237070] EXT4-fs (sda1): re-mounted. Opts: (null)
[   57.296804] systemd[1]: Starting Nameserver information manager...
         Starting Nameserver information manager...
[   57.440179] systemd[1]: Starting Journal Service...
         Starting Journal Service...
[   57.559766] systemd[1]: Reached target Encrypted Volumes.
[[0;32m  OK  [0m] Reached target Encrypted Volumes.
[   57.693128] systemd[1]: Reached target System Time Synchronized.
[[0;32m  OK  [0m] Reached target System Time Synchronized.
[   57.818034] systemd[1]: Listening on /dev/initctl Compatibility Named Pipe.
[[0;32m  OK  [0m] Listening on /dev/initctl Compatibility Named Pipe.
[   57.954529] systemd[1]: Listening on LVM2 metadata daemon socket.
[[0;32m  OK  [0m] Listening on LVM2 metadata daemon socket.[   58.073621] iscsi: registered transport (iser)

[   58.126210] systemd[1]: Starting Set console keymap...
         Starting Set console keymap...
[   58.222153] systemd[1]: Listening on Device-mapper event daemon FIFOs.
[[0;32m  OK  [0m] Listening on Device-mapper event daemon FIFOs.
[   58.368332] systemd[1]: Starting Monitoring of LVM2 mirrors, snapshots etc. using dmeventd or progress polling...
         Starting Monitoring of LVM2 mirrors... dmeventd or progress polling...
[   58.605916] systemd[1]: Reached target Swap.
[[0;32m  OK  [0m] Reached target Swap.
[   58.753564] systemd[1]: Mounting Huge Pages File System...
         Mounting Huge Pages File System...
[   58.889077] systemd[1]: Mounting POSIX Message Queue File System...
         Mounting POSIX Message Queue File System...
[   59.030243] systemd[1]: Mounted Huge Pages File System.
[[0;32m  OK  [0m] Mounted Huge Pages File System.
[   59.162977] systemd[1]: Mounted POSIX Message Queue File System.
[[0;32m  OK  [0m] Mounted POSIX Message Queue File System.
[   59.290847] systemd[1]: Mounted Debug File System.
[[0;32m  OK  [0m] Mounted Debug File System.
[   59.397437] systemd[1]: Started Journal Service.
[[0;32m  OK  [0m] Started Journal Service.
[[0;32m  OK  [0m] Started Load Kernel Modules.
[[0;32m  OK  [0m] Started Create list of required sta...ce nodes for the current kernel.
[[0;32m  OK  [0m] Started Uncomplicated firewall.
[[0;32m  OK  [0m] Started Remount Root and Kernel File Systems.
[[0;32m  OK  [0m] Started Set console keymap.
[[0;32m  OK  [0m] Started Nameserver information manager.
[[0;32m  OK  [0m] Started LVM2 metadata daemon.
         Starting udev Coldplug all Devices...
         Starting Load/Save Random Seed...
         Starting Create Static Device Nodes in /dev...
         Mounting FUSE Control File System...
         Starting Apply Kernel Variables...
         Starting Flush Journal to Persistent Storage...
[[0;32m  OK  [0m] Mounted FUSE Control File System.
[[0;32m  OK  [0m] Started Load/Save Random Seed.
[[0;32m  OK  [0m] Started Apply Kernel Variables.
[[0;32m  OK  [0m] Started udev Coldplug all Devices.
[[0;32m  OK  [0m] Started Create Static Device Nodes in /dev.
[[0;32m  OK  [0m] Started Monitoring of LVM2 mirrors,...ng dmeventd or progress polling.
         Starting udev Kernel Device Manager...
[[0;32m  OK  [0m] Started Flush Journal to Persistent Storage.
[[0;32m  OK  [0m] Started udev Kernel Device Manager.
[[0;32m  OK  [0m] Reached target Local File Systems (Pre).
[[0;32m  OK  [0m] Reached target Local File Systems.
         Starting Set console font and keymap...
         Starting Commit a transient machine-id on disk...
         Starting LSB: AppArmor initialization...
         Starting Initial cloud-init job (pre-networking)...
         Starting Tell Plymouth To Write Out Runtime Data...
         Starting Create Volatile Files and Directories...
[[0;32m  OK  [0m] Started Dispatch Password Requests to Console Directory Watch.
[[0;32m  OK  [0m] Started Commit a transient machine-id on disk.
[[0;32m  OK  [0m] Started Tell Plymouth To Write Out Runtime Data.
[[0;32m  OK  [0m] Started Create Volatile Files and Directories.
[[0;32m  OK  [0m] Found device /dev/ttyS0.
[[0;32m  OK  [0m] Listening on Load/Save RF Kill Switch Status /dev/rfkill Watch.
[   60.383602] cloud-init[491]: Cloud-init v. 18.2 running 'init-local' at Sun, 20 May 2018 17:03:01 +0000. Up 58.75 seconds.
         Starting Update UTMP about System Boot/Shutdown...
[[0;32m  OK  [0m] Started Initial cloud-init job (pre-networking).
[[0;32m  OK  [0m] Started Update UTMP about System Boot/Shutdown.
[[0;32m  OK  [0m] Reached target Network (Pre).
[[0;32m  OK  [0m] Started LSB: AppArmor initialization.
         Starting Raise network interfaces...
[[0;32m  OK  [0m] Started Set console font and keymap.
[[0;32m  OK  [0m] Created slice system-getty.slice.
[[0;32m  OK  [0m] Started Raise network interfaces.
[[0;32m  OK  [0m] Reached target Network.
         Starting Initial cloud-init job (metadata service crawler)...
[   94.165628] cloud-init[917]: Cloud-init v. 18.2 running 'init' at Sun, 20 May 2018 17:03:32 +0000. Up 89.93 seconds.
[   94.244845] cloud-init[917]: ci-info: +++++++++++++++++++++++++++++++++++++Net device info++++++++++++++++++++++++++++++++++++++
[   94.333379] cloud-init[917]: ci-info: +--------+------+----------------------------+---------------+-------+-------------------+
[   94.404611] cloud-init[917]: ci-info: | Device |  Up  |          Address           |      Mask     | Scope |     Hw-Address    |
[   94.475971] cloud-init[917]: ci-info: +--------+------+----------------------------+---------------+-------+-------------------+
[   94.546608] cloud-init[917]: ci-info: | enp0s3 | True |         10.0.2.15          | 255.255.255.0 |   .   | 02:a3:be:24:b1:4f |
[   94.621789] cloud-init[917]: ci-info: | enp0s3 | True | fe80::a3:beff:fe24:b14f/64 |       .       |  link | 02:a3:be:24:b1:4f |
[   94.697106] cloud-init[917]: ci-info: |   lo   | True |         127.0.0.1          |   255.0.0.0   |   .   |         .         |
[   94.771699] cloud-init[917]: ci-info: |   lo   | True |          ::1/128           |       .       |  host |         .         |
[   94.844772] cloud-init[917]: ci-info: +--------+------+----------------------------+---------------+-------+-------------------+
[   94.858419] cloud-init[917]: ci-info: +++++++++++++++++++++++++++Route IPv4 info++++++++++++++++++++++++++++
[   94.858686] cloud-init[917]: ci-info: +-------+-------------+----------+---------------+-----------+-------+
[   94.865276] cloud-init[917]: ci-info: | Route | Destination | Gateway  |    Genmask    | Interface | Flags |
[   94.916128] cloud-init[917]: ci-info: +-------+-------------+----------+---------------+-----------+-------+
[   94.947548] cloud-init[917]: ci-info: |   0   |   0.0.0.0   | 10.0.2.2 |    0.0.0.0    |   enp0s3  |   UG  |
[   94.972904] cloud-init[917]: ci-info: |   1   |   10.0.2.0  | 0.0.0.0  | 255.255.255.0 |   enp0s3  |   U   |
[   95.045149] cloud-init[917]: ci-info: +-------+-------------+----------+---------------+-----------+-------+
[   95.119591] cloud-init[917]: Generating public/private rsa key pair.
[   95.138502] cloud-init[917]: Your identification has been saved in /etc/ssh/ssh_host_rsa_key.
[   95.144922] cloud-init[917]: Your public key has been saved in /etc/ssh/ssh_host_rsa_key.pub.
[   95.170817] cloud-init[917]: The key fingerprint is:
[   95.222323] cloud-init[917]: SHA256:kAlHxH3v1nTjQhSs3jWKiTfn2pUJpyc0HzdIbqwlrxs root@ubuntu-xenial
[   95.338098] cloud-init[917]: The key's randomart image is:
[   95.344950] cloud-init[917]: +---[RSA 2048]----+
[   95.369132] cloud-init[917]: |    .++.    ...  |
[   95.486154] cloud-init[917]: |     o.o. .  o   |
[   95.488213] cloud-init[917]: |      +  . .o.   |
[   95.489562] cloud-init[917]: |       .   .=.o+.|
[   95.541430] cloud-init[917]: |        S oo=%+=+|
[   95.553212] cloud-init[917]: |         . *X=B.*|
[   95.559947] cloud-init[917]: |          .E++.* |
[   95.566144] cloud-init[917]: |            +.+  |
[   95.591262] cloud-init[917]: |           +o.   |
[   95.617342] cloud-init[917]: +----[SHA256]-----+
[   95.668002] cloud-init[917]: Generating public/private dsa key pair.
[   95.681246] cloud-init[917]: Your identification has been saved in /etc/ssh/ssh_host_dsa_key.
[   95.717566] cloud-init[917]: Your public key has been saved in /etc/ssh/ssh_host_dsa_key.pub.
[   95.748486] cloud-init[917]: The key fingerprint is:
[   95.799680] cloud-init[917]: SHA256:poOiFYcffsT5x74njg83yXYRrtmEwz2kpdZ0v8xQ4hY root@ubuntu-xenial
[   95.800670] cloud-init[917]: The key's randomart image is:
[   95.865061] cloud-init[917]: +---[DSA 1024]----+
[   95.878471] cloud-init[917]: |                 |
[   95.906027] cloud-init[917]: |                 |
[   95.922158] cloud-init[917]: |            =E.. |
[   95.935086] cloud-init[917]: |   . . . . @.o+. |
[   95.960193] cloud-init[917]: |  o o + S B B+  .|
[   96.007733] cloud-init[917]: |   = + + + B.o+ .|
[   96.010576] cloud-init[917]: |  o + + o @ o  + |
[   96.011093] cloud-init[917]: | o . . . B.o.    |
[   96.035700] cloud-init[917]: |.       .o=+     |
[   96.082721] cloud-init[917]: +----[SHA256]-----+
[   96.094225] cloud-init[917]: Generating public/private ecdsa key pair.
[   96.094741] cloud-init[917]: Your identification has been saved in /etc/ssh/ssh_host_ecdsa_key.
[   96.101233] cloud-init[917]: Your public key has been saved in /etc/ssh/ssh_host_ecdsa_key.pub.
[   96.213369] cloud-init[917]: The key fingerprint is:
[   96.223663] cloud-init[917]: SHA256:e83wwCTp3Zh3XxbchoSDiEQCiWIYDXokg8JzrXpCvS4 root@ubuntu-xenial
[   96.254185] cloud-init[917]: The key's randomart image is:
[   96.260881] cloud-init[917]: +---[ECDSA 256]---+
[   96.326719] cloud-init[917]: |O=ooooo. . . ..  |
[   96.335776] cloud-init[917]: |BBo. o. ... o....|
[   96.363759] cloud-init[917]: |= = .   o .  ..oo|
[   96.379791] cloud-init[917]: | o o   . = +   ..|
[   96.380732] cloud-init[917]: |. . .   S B o . o|
[   96.432836] cloud-init[917]: | o o     . B . o.|
[   96.444934] cloud-init[917]: |  +     . . +   .|
[   96.482464] cloud-init[917]: | E .     .       |
[   96.493934] cloud-init[917]: |  .              |
[   96.525400] cloud-init[917]: +----[SHA256]-----+
[   96.545047] cloud-init[917]: Generating public/private ed25519 key pair.
[   96.577478] cloud-init[917]: Your identification has been saved in /etc/ssh/ssh_host_ed25519_key.
[   96.607011] cloud-init[917]: Your public key has been saved in /etc/ssh/ssh_host_ed25519_key.pub.
[   96.659154] cloud-init[917]: The key fingerprint is:
[   96.684127] cloud-init[917]: SHA256:aiE0c5YaRUrWSbWbqkh+ihxtrs9NF+DX95aoMTQOQWw root@ubuntu-xenial
[   96.719045] cloud-init[917]: The key's randomart image is:
[   96.738532] cloud-init[917]: +--[ED25519 256]--+
[   96.795108] cloud-init[917]: |    o+=+.        |
[   96.804744] cloud-init[917]: |   o o+E .       |
[   96.833066] cloud-init[917]: |    *.=..        |
[   96.850125] cloud-init[917]: |   ..B. oo       |
[   96.878089] cloud-init[917]: |    o..+S+ .     |
[   96.894581] cloud-init[917]: |  .  ..+= o o .  |
[   96.907256] cloud-init[917]: | ..o .+. + . +   |
[   96.913735] cloud-init[917]: |.+=.+o.   + .    |
[   96.920261] cloud-init[917]: |.o**..   .       |
[   96.964193] cloud-init[917]: +----[SHA256]-----+
[[0;32m  OK  [0m] Started Initial cloud-init job (metadata service crawler).
[[0;32m  OK  [0m] Reached target System Initialization.
[[0;32m  OK  [0m] Listening on ACPID Listen Socket.
[[0;32m  OK  [0m] Listening on UUID daemon activation socket.
[[0;32m  OK  [0m] Started Daily Cleanup of Temporary Directories.
[[0;32m  OK  [0m] Started Daily apt download activities.
         Starting Socket activation for snappy daemon.
[[0;32m  OK  [0m] Started Daily apt upgrade and clean activities.
[[0;32m  OK  [0m] Reached target Timers.
[[0;32m  OK  [0m] Listening on D-Bus System Message Bus Socket.
[[0;32m  OK  [0m] Started ACPI Events Check.
[[0;32m  OK  [0m] Reached target Paths.
         Starting LXD - unix socket.
[[0;32m  OK  [0m] Reached target Cloud-config availability.
[[0;32m  OK  [0m] Reached target Network is Online.
         Starting iSCSI initiator daemon (iscsid)...
[[0;32m  OK  [0m] Listening on Socket activation for snappy daemon.
[[0;32m  OK  [0m] Listening on LXD - unix socket.
[[0;32m  OK  [0m] Reached target Sockets.
[[0;32m  OK  [0m] Reached target Basic System.
         Starting LXD - container startup/shutdown...
[[0;32m  OK  [0m] Started Unattended Upgrades Shutdown.
         Starting Accounts Service...
         Starting Virtualbox guest utils...
[[0;32m  OK  [0m] Started D-Bus System Message Bus.
         Starting Login Service...
[[0;32m  OK  [0m] Started Regular background program processing daemon.
[[0;32m  OK  [0m] Started ACPI event daemon.
[[0;32m  OK  [0m] Started FUSE filesystem for LXC.
[[0;32m  OK  [0m] Started Deferred execution scheduler.
         Starting Pollinate to seed the pseudo random number generator...
         Starting Apply the settings specified in cloud-config...
         Starting LSB: Record successful boot for GRUB...
         Starting LSB: MD monitoring daemon...
         Starting /etc/rc.local Compatibility...
         Starting Snappy daemon...
         Starting System Logging Service...
[[0;32m  OK  [0m] Started iSCSI initiator daemon (iscsid).
[[0;32m  OK  [0m] Started /etc/rc.local Compatibility.
[[0;32m  OK  [0m] Started Login Service.
         Starting Authenticate and Authorize Users to Run Privileged Tasks...
         Starting Login to default iSCSI targets...
[[0;32m  OK  [0m] Started System Logging Service.
[[0;32m  OK  [0m] Started LSB: Record successful boot for GRUB.
[[0;32m  OK  [0m] Started LSB: MD monitoring daemon.
[[0;32m  OK  [0m] Started Authenticate and Authorize Users to Run Privileged Tasks.
[[0;32m  OK  [0m] Started Accounts Service.
[[0;32m  OK  [0m] Started Login to default iSCSI targets.
[[0;32m  OK  [0m] Reached target Remote File Systems (Pre).
[[0;32m  OK  [0m] Reached target Remote File Systems.
         Starting LSB: Set the CPU Frequency Scaling governor to "ondemand"...
         Starting LSB: automatic crash report generation...
         Starting LSB: daemon to balance interrupts for SMP systems...
         Starting Permit User Sessions...
[[0;32m  OK  [0m] Started Virtualbox guest utils.
[[0;32m  OK  [0m] Started Permit User Sessions.
[[0;32m  OK  [0m] Started LSB: Set the CPU Frequency Scaling governor to "ondemand".
         Starting Hold until boot process finishes up...
         Starting Terminate Plymouth Boot Screen...
[[0;32m  OK  [0m] Started LXD - container startup/shutdown.
[[0;32m  OK  [0m] Started LSB: automatic crash report generation.
[[0;32m  OK  [0m] Started LSB: daemon to balance interrupts for SMP systems.
[[0;32m  OK  [0m] Started Hold until boot process finishes up.
[[0;32m  OK  [0m] Started Terminate Plymouth Boot Screen.
[[0;32m  OK  [0m] Started Getty on tty1.
         Starting Set console scheme...
[[0;32m  OK  [0m] Started Serial Getty on ttyS0.
[[0;32m  OK  [0m] Reached target Login Prompts.
[[0;32m  OK  [0m] Started Set console scheme.
[  105.537355] cloud-init[1051]: Generating locales (this might take a while)...
[[0;32m  OK  [0m] Started Pollinate to seed the pseudo random number generator.
         Starting OpenBSD Secure Shell server...
[[0;32m  OK  [0m] Started OpenBSD Secure Shell server.
[[0;32m  OK  [0m] Started Snappy daemon.
[[0;32m  OK  [0m] Reached target Multi-User System.
[[0;32m  OK  [0m] Reached target Graphical Interface.
         Starting Update UTMP about System Runlevel Changes...
[[0;32m  OK  [0m] Started Update UTMP about System Runlevel Changes.
[[0;32m  OK  [0m] Created slice User Slice of vagrant.
         Starting User Manager for UID 1000...
[[0;32m  OK  [0m] Started Session 1 of user vagrant.
[[0;32m  OK  [0m] Started User Manager for UID 1000.
[  111.137850] cloud-init[1051]:   en_US.UTF-8... done
[  111.139401] cloud-init[1051]: Generation complete.

Ubuntu 16.04.4 LTS ubuntu-xenial ttyS0

ubuntu-xenial login: [  116.443560] cloud-init[1051]: Cloud-init v. 18.2 running 'modules:config' at Sun, 20 May 2018 17:03:46 +0000. Up 103.08 seconds.
ci-info: no authorized ssh keys fingerprints found for user ubuntu.
<14>May 20 17:04:01 ec2: 
<14>May 20 17:04:01 ec2: #############################################################
<14>May 20 17:04:01 ec2: -----BEGIN SSH HOST KEY FINGERPRINTS-----
<14>May 20 17:04:01 ec2: 1024 SHA256:poOiFYcffsT5x74njg83yXYRrtmEwz2kpdZ0v8xQ4hY root@ubuntu-xenial (DSA)
<14>May 20 17:04:01 ec2: 256 SHA256:e83wwCTp3Zh3XxbchoSDiEQCiWIYDXokg8JzrXpCvS4 root@ubuntu-xenial (ECDSA)
<14>May 20 17:04:01 ec2: 256 SHA256:aiE0c5YaRUrWSbWbqkh+ihxtrs9NF+DX95aoMTQOQWw root@ubuntu-xenial (ED25519)
<14>May 20 17:04:01 ec2: 2048 SHA256:kAlHxH3v1nTjQhSs3jWKiTfn2pUJpyc0HzdIbqwlrxs root@ubuntu-xenial (RSA)
<14>May 20 17:04:01 ec2: -----END SSH HOST KEY FINGERPRINTS-----
<14>May 20 17:04:01 ec2: #############################################################
-----BEGIN SSH HOST KEY KEYS-----
ecdsa-sha2-nistp256 AAAAE2VjZHNhLXNoYTItbmlzdHAyNTYAAAAIbmlzdHAyNTYAAABBBKerCAEjsW8ikf8v3NTGyq4BsLd/5GVm0kk12XvFA0sRxfghC43as/h8zZVxsiKnotrut0TsGtNTNdmSezMhN6I= root@ubuntu-xenial
ssh-ed25519 AAAAC3NzaC1lZDI1NTE5AAAAIOYDweRNCWVKi+UW295qBPD1d4PVz99he843fJLz05Cp root@ubuntu-xenial
ssh-rsa AAAAB3NzaC1yc2EAAAADAQABAAABAQDbYUac1MFCPxnhnPN8Pyw2Yl2Zb2VA9xS7w+Kg4x6T5OnXR09D0srPPqCUVWbmjG4PBoBSU+zwU0CqQ3TrwQJYZbpnfwJNyUF3bIICms8LickpcG+PxbQIoiUcA7OowQ5lxJNb9MEJJua5QFaiNm9C3eh0UjQBWZiQUKWGXDrejubYxHQIeM9f/6EDuKyyWpRh/+g5xVItgs00PgHBwD/CrJkKWh+PTuslt9tE2LMAQ0l9bm0FHT8Fy2PIlXFGxABdLVXgD1jbesFwGgdCzJ0ldVpob8xCIeINbDGNYfHpVqzwMXTZ5R942gtU6QdG51j+zPiPA2dolRBbr8mIxlEF root@ubuntu-xenial
-----END SSH HOST KEY KEYS-----
[  119.250230] cloud-init[1468]: Cloud-init v. 18.2 running 'modules:final' at Sun, 20 May 2018 17:04:01 +0000. Up 118.20 seconds.
[  119.357879] cloud-init[1468]: ci-info: no authorized ssh keys fingerprints found for user ubuntu.
[  119.471540] cloud-init[1468]: Cloud-init v. 18.2 finished at Sun, 20 May 2018 17:04:02 +0000. Datasource DataSourceNoCloud [seed=/dev/sdb][dsmode=net].  Up 119.09 seconds
